<?xml version="1.0" encoding="UTF-8"?>
<!-- Generated by org.testng.reporters.JUnitReportReporter -->
<testsuite ignored="0" hostname="IN3054154W1" failures="0" tests="1" name="hybridAppDemo.NewTest" time="0.006" errors="0" timestamp="20 Jan 2022 07:27:43 GMT" skipped="0">
  <testcase classname="hybridAppDemo.NewTest" name="f" time="0.006"/>
</testsuite> <!-- hybridAppDemo.NewTest -->
