<?xml version="1.0" encoding="UTF-8"?>
<!-- Generated by org.testng.reporters.JUnitReportReporter -->
<testsuite ignored="0" hostname="IN3054154W1" failures="0" tests="1" name="hybridAppDemo.tapDemo" time="13.291" errors="0" timestamp="21 Jan 2022 06:22:18 GMT" skipped="0">
  <testcase classname="hybridAppDemo.tapDemo" name="f" time="13.291"/>
</testsuite> <!-- hybridAppDemo.tapDemo -->
