<?xml version="1.0" encoding="UTF-8"?>
<!-- Generated by org.testng.reporters.JUnitReportReporter -->
<testsuite ignored="0" hostname="IN3054154W1" failures="0" tests="1" name="mobileWebDemo.Herokulogin" time="19.517" errors="0" timestamp="20 Jan 2022 05:25:18 GMT" skipped="0">
  <testcase classname="mobileWebDemo.Herokulogin" name="login" time="19.517"/>
</testsuite> <!-- mobileWebDemo.Herokulogin -->
