<?xml version="1.0" encoding="UTF-8"?>
<!-- Generated by org.testng.reporters.JUnitReportReporter -->
<testsuite ignored="0" hostname="IN3054154W1" failures="0" tests="1" name="hybridAppDemo.androidKeyEvents" time="6.518" errors="0" timestamp="24 Jan 2022 04:27:18 GMT" skipped="0">
  <testcase classname="hybridAppDemo.androidKeyEvents" name="f" time="6.518"/>
</testsuite> <!-- hybridAppDemo.androidKeyEvents -->
