<?xml version="1.0" encoding="UTF-8"?>
<!-- Generated by org.testng.reporters.JUnitReportReporter -->
<testsuite ignored="0" hostname="IN3054154W1" failures="0" tests="2" name="hybridAppDemo.scrollDemo" time="10.099" errors="0" timestamp="21 Jan 2022 05:45:49 GMT" skipped="0">
  <testcase classname="hybridAppDemo.scrollDemo" name="fnc" time="5.414"/>
  <testcase classname="hybridAppDemo.scrollDemo" name="za" time="4.685"/>
</testsuite> <!-- hybridAppDemo.scrollDemo -->
